2022-12-19 12:34:17.276 [info] Extension host with pid 10297 started
2022-12-19 12:34:17.334 [info] ExtensionService#_doActivateExtension vscode.microsoft-authentication, startup: false, activationEvent: 'onAuthenticationRequest:microsoft'
2022-12-19 12:34:17.335 [info] ExtensionService#_doActivateExtension vscode.git-base, startup: true, activationEvent: '*', root cause: vscode.git
2022-12-19 12:34:17.335 [info] ExtensionService#_doActivateExtension grasspy.autopunc, startup: true, activationEvent: '*'
2022-12-19 12:34:17.335 [info] ExtensionService#_doActivateExtension vscodevim.vim, startup: true, activationEvent: '*'
2022-12-19 12:34:17.554 [info] ExtensionService#_doActivateExtension vscode.git, startup: true, activationEvent: '*'
2022-12-19 12:34:17.554 [info] ExtensionService#_doActivateExtension vscode.github, startup: true, activationEvent: '*'
2022-12-19 12:34:17.698 [info] Eager extensions activated
2022-12-19 12:34:17.712 [info] ExtensionService#_doActivateExtension vscode.debug-auto-launch, startup: false, activationEvent: 'onStartupFinished'
2022-12-19 12:34:17.713 [info] ExtensionService#_doActivateExtension vscode.emmet, startup: false, activationEvent: 'onStartupFinished'
2022-12-19 12:34:17.713 [info] ExtensionService#_doActivateExtension vscode.merge-conflict, startup: false, activationEvent: 'onStartupFinished'
2022-12-19 12:34:17.714 [info] ExtensionService#_doActivateExtension formulahendry.code-runner, startup: false, activationEvent: 'onStartupFinished'
2022-12-19 12:34:17.714 [info] ExtensionService#_doActivateExtension intellsmi.comment-translate, startup: false, activationEvent: 'onStartupFinished'
2022-12-19 12:34:17.715 [info] ExtensionService#_doActivateExtension timzoet.clangtidygui, startup: false, activationEvent: 'onStartupFinished'
2022-12-19 12:34:17.715 [info] ExtensionService#_doActivateExtension vadimcn.vscode-lldb, startup: false, activationEvent: 'onStartupFinished'
2022-12-19 12:34:17.715 [info] ExtensionService#_doActivateExtension vscode-icons-team.vscode-icons, startup: false, activationEvent: 'onStartupFinished'
2022-12-19 12:34:17.955 [info] ExtensionService#_doActivateExtension vscode.github-authentication, startup: false, activationEvent: 'onAuthenticationRequest:github'
2022-12-19 12:34:18.057 [error] Activating extension timzoet.clangtidygui failed due to an error:
2022-12-19 12:34:18.057 [error] TypeError: Cannot read properties of undefined (reading '0')
    at substituteWorkspaceFolder (/root/.vscode/extensions/timzoet.clangtidygui-1.3.0/out/config.js:22:63)
    at /root/.vscode/extensions/timzoet.clangtidygui-1.3.0/out/config.js:29:16
    at Generator.next (<anonymous>)
    at /root/.vscode/extensions/timzoet.clangtidygui-1.3.0/out/config.js:8:71
    at new Promise (<anonymous>)
    at __awaiter (/root/.vscode/extensions/timzoet.clangtidygui-1.3.0/out/config.js:4:12)
    at substituteAsyncVars (/root/.vscode/extensions/timzoet.clangtidygui-1.3.0/out/config.js:27:12)
    at Object.<anonymous> (/root/.vscode/extensions/timzoet.clangtidygui-1.3.0/out/config.js:77:16)
    at Generator.next (<anonymous>)
    at /root/.vscode/extensions/timzoet.clangtidygui-1.3.0/out/config.js:8:71
    at new Promise (<anonymous>)
    at __awaiter (/root/.vscode/extensions/timzoet.clangtidygui-1.3.0/out/config.js:4:12)
    at Object.getOutputFolder (/root/.vscode/extensions/timzoet.clangtidygui-1.3.0/out/config.js:75:12)
    at Object.<anonymous> (/root/.vscode/extensions/timzoet.clangtidygui-1.3.0/out/output.js:22:40)
    at Generator.next (<anonymous>)
    at /root/.vscode/extensions/timzoet.clangtidygui-1.3.0/out/output.js:8:71
    at new Promise (<anonymous>)
    at __awaiter (/root/.vscode/extensions/timzoet.clangtidygui-1.3.0/out/output.js:4:12)
    at Object.createOutputFolder (/root/.vscode/extensions/timzoet.clangtidygui-1.3.0/out/output.js:21:12)
    at /root/.vscode/extensions/timzoet.clangtidygui-1.3.0/out/extension.js:25:24
    at Generator.next (<anonymous>)
    at /root/.vscode/extensions/timzoet.clangtidygui-1.3.0/out/extension.js:8:71
    at new Promise (<anonymous>)
    at __awaiter (/root/.vscode/extensions/timzoet.clangtidygui-1.3.0/out/extension.js:4:12)
    at activate (/root/.vscode/extensions/timzoet.clangtidygui-1.3.0/out/extension.js:23:12)
    at Function.db (/usr/share/code/resources/app/out/vs/workbench/api/node/extensionHostProcess.js:106:15127)
    at Function.cb (/usr/share/code/resources/app/out/vs/workbench/api/node/extensionHostProcess.js:106:14825)
    at /usr/share/code/resources/app/out/vs/workbench/api/node/extensionHostProcess.js:106:12823
    at processTicksAndRejections (node:internal/process/task_queues:96:5)
    at v.n (/usr/share/code/resources/app/out/vs/workbench/api/node/extensionHostProcess.js:92:7006)
    at v.m (/usr/share/code/resources/app/out/vs/workbench/api/node/extensionHostProcess.js:92:6969)
    at v.l (/usr/share/code/resources/app/out/vs/workbench/api/node/extensionHostProcess.js:92:6426)
2022-12-19 12:34:18.544 [error] Error: ENOENT: no such file or directory, open '/github/tinystl/~/root/User/globalStorage/vscodevim.vim/.registers'
2022-12-19 12:34:21.293 [info] Extension host terminating: received terminate message from renderer
2022-12-19 12:34:21.317 [error] Error: ENOENT: no such file or directory, open '/github/tinystl/~/root/User/globalStorage/vscodevim.vim/.registers'
2022-12-19 12:34:21.317 [info] Extension host with pid 10297 exiting with code 0
